<?xml version="1.0" encoding="UTF-8"?>
<!-- Generated by org.testng.reporters.JUnitReportReporter -->
<testsuite hostname="DESKTOP-GKTHSET" failures="0" tests="1" name="myProject.UsePropertyfileTest" time="0.009" errors="0" timestamp="2024-03-28T16:47:56 IST" skipped="0">
  <testcase classname="myProject.UsePropertyfileTest" name="sample" time="0.009"/>
  <system-out/>
</testsuite> <!-- myProject.UsePropertyfileTest -->
